# JRE version: OpenJDK Runtime Environment (8.0_242-b01) (build 1.8.0_242-release-1644-b01)
# Java VM: OpenJDK 64-Bit Server VM (25.242-b01 mixed mode windows-amd64 compressed oops)
Heap:
 PSYoungGen      total 463872K, used 125359K [0x00000000e0000000, 0x0000000100000000, 0x0000000100000000)
  eden space 415744K, 30% used [0x00000000e0000000,0x00000000e7a6bf80,0x00000000f9600000)
  from space 48128K, 0% used [0x00000000fd100000,0x00000000fd100000,0x0000000100000000)
  to   space 54272K, 0% used [0x00000000f9600000,0x00000000f9600000,0x00000000fcb00000)
 ParOldGen       total 204800K, used 74299K [0x00000000a0000000, 0x00000000ac800000, 0x00000000e0000000)
  object space 204800K, 36% used [0x00000000a0000000,0x00000000a488ecf8,0x00000000ac800000)
 Metaspace       used 94768K, capacity 98612K, committed 101272K, reserved 1136640K
  class space    used 12416K, capacity 13216K, committed 13744K, reserved 1048576K
GC Heap History (10 events):
Event: 1615.670 GC heap before
{Heap before GC invocations=14 (full 3):
 PSYoungGen      total 488448K, used 488446K [0x00000000e0000000, 0x0000000100000000, 0x0000000100000000)
  eden space 463872K, 100% used [0x00000000e0000000,0x00000000fc500000,0x00000000fc500000)
  from space 24576K, 99% used [0x00000000fe280000,0x00000000ffa7f968,0x00000000ffa80000)
  to   space 30208K, 0% used [0x00000000fc500000,0x00000000fc500000,0x00000000fe280000)
 ParOldGen       total 128512K, used 37372K [0x00000000a0000000, 0x00000000a7d80000, 0x00000000e0000000)
  object space 128512K, 29% used [0x00000000a0000000,0x00000000a247f128,0x00000000a7d80000)
 Metaspace       used 81663K, capacity 85910K, committed 86168K, reserved 1124352K
  class space    used 10837K, capacity 11653K, committed 11696K, reserved 1048576K
Event: 1615.923 GC heap after
Heap after GC invocations=14 (full 3):
 PSYoungGen      total 494080K, used 30189K [0x00000000e0000000, 0x0000000100000000, 0x0000000100000000)
  eden space 463872K, 0% used [0x00000000e0000000,0x00000000e0000000,0x00000000fc500000)
  from space 30208K, 99% used [0x00000000fc500000,0x00000000fe27b5b0,0x00000000fe280000)
  to   space 30208K, 0% used [0x00000000fe280000,0x00000000fe280000,0x0000000100000000)
 ParOldGen       total 128512K, used 71003K [0x00000000a0000000, 0x00000000a7d80000, 0x00000000e0000000)
  object space 128512K, 55% used [0x00000000a0000000,0x00000000a4556ea0,0x00000000a7d80000)
 Metaspace       used 81663K, capacity 85910K, committed 86168K, reserved 1124352K
  class space    used 10837K, capacity 11653K, committed 11696K, reserved 1048576K
}
Event: 1623.533 GC heap before
{Heap before GC invocations=15 (full 3):
 PSYoungGen      total 494080K, used 494061K [0x00000000e0000000, 0x0000000100000000, 0x0000000100000000)
  eden space 463872K, 100% used [0x00000000e0000000,0x00000000fc500000,0x00000000fc500000)
  from space 30208K, 99% used [0x00000000fc500000,0x00000000fe27b5b0,0x00000000fe280000)
  to   space 30208K, 0% used [0x00000000fe280000,0x00000000fe280000,0x0000000100000000)
 ParOldGen       total 128512K, used 71003K [0x00000000a0000000, 0x00000000a7d80000, 0x00000000e0000000)
  object space 128512K, 55% used [0x00000000a0000000,0x00000000a4556ea0,0x00000000a7d80000)
 Metaspace       used 84656K, capacity 89186K, committed 89496K, reserved 1126400K
  class space    used 11193K, capacity 12111K, committed 12208K, reserved 1048576K
Event: 1623.698 GC heap after
Heap after GC invocations=15 (full 3):
 PSYoungGen      total 458240K, used 27403K [0x00000000e0000000, 0x0000000100000000, 0x0000000100000000)
  eden space 428032K, 0% used [0x00000000e0000000,0x00000000e0000000,0x00000000fa200000)
  from space 30208K, 90% used [0x00000000fe280000,0x00000000ffd42dd0,0x0000000100000000)
  to   space 48128K, 0% used [0x00000000fa200000,0x00000000fa200000,0x00000000fd100000)
 ParOldGen       total 128512K, used 87574K [0x00000000a0000000, 0x00000000a7d80000, 0x00000000e0000000)
  object space 128512K, 68% used [0x00000000a0000000,0x00000000a5585898,0x00000000a7d80000)
 Metaspace       used 84656K, capacity 89186K, committed 89496K, reserved 1126400K
  class space    used 11193K, capacity 12111K, committed 12208K, reserved 1048576K
}
Event: 1627.741 GC heap before
{Heap before GC invocations=16 (full 3):
 PSYoungGen      total 458240K, used 455435K [0x00000000e0000000, 0x0000000100000000, 0x0000000100000000)
  eden space 428032K, 100% used [0x00000000e0000000,0x00000000fa200000,0x00000000fa200000)
  from space 30208K, 90% used [0x00000000fe280000,0x00000000ffd42dd0,0x0000000100000000)
  to   space 48128K, 0% used [0x00000000fa200000,0x00000000fa200000,0x00000000fd100000)
 ParOldGen       total 128512K, used 87574K [0x00000000a0000000, 0x00000000a7d80000, 0x00000000e0000000)
  object space 128512K, 68% used [0x00000000a0000000,0x00000000a5585898,0x00000000a7d80000)
 Metaspace       used 92803K, capacity 97856K, committed 98072K, reserved 1134592K
  class space    used 12218K, capacity 13244K, committed 13360K, reserved 1048576K
Event: 1627.819 GC heap after
Heap after GC invocations=16 (full 3):
 PSYoungGen      total 476160K, used 48097K [0x00000000e0000000, 0x0000000100000000, 0x0000000100000000)
  eden space 428032K, 0% used [0x00000000e0000000,0x00000000e0000000,0x00000000fa200000)
  from space 48128K, 99% used [0x00000000fa200000,0x00000000fd0f8648,0x00000000fd100000)
  to   space 48128K, 0% used [0x00000000fd100000,0x00000000fd100000,0x0000000100000000)
 ParOldGen       total 128512K, used 89862K [0x00000000a0000000, 0x00000000a7d80000, 0x00000000e0000000)
  object space 128512K, 69% used [0x00000000a0000000,0x00000000a57c1b60,0x00000000a7d80000)
 Metaspace       used 92803K, capacity 97856K, committed 98072K, reserved 1134592K
  class space    used 12218K, capacity 13244K, committed 13360K, reserved 1048576K
}
Event: 1627.948 GC heap before
{Heap before GC invocations=17 (full 3):
 PSYoungGen      total 476160K, used 97550K [0x00000000e0000000, 0x0000000100000000, 0x0000000100000000)
  eden space 428032K, 11% used [0x00000000e0000000,0x00000000e304b4c0,0x00000000fa200000)
  from space 48128K, 99% used [0x00000000fa200000,0x00000000fd0f8648,0x00000000fd100000)
  to   space 48128K, 0% used [0x00000000fd100000,0x00000000fd100000,0x0000000100000000)
 ParOldGen       total 128512K, used 89862K [0x00000000a0000000, 0x00000000a7d80000, 0x00000000e0000000)
  object space 128512K, 69% used [0x00000000a0000000,0x00000000a57c1b60,0x00000000a7d80000)
 Metaspace       used 93435K, capacity 98524K, committed 98584K, reserved 1134592K
  class space    used 12295K, capacity 13342K, committed 13360K, reserved 1048576K
Event: 1627.997 GC heap after
Heap after GC invocations=17 (full 3):
 PSYoungGen      total 463872K, used 25414K [0x00000000e0000000, 0x0000000100000000, 0x0000000100000000)
  eden space 415744K, 0% used [0x00000000e0000000,0x00000000e0000000,0x00000000f9600000)
  from space 48128K, 52% used [0x00000000fd100000,0x00000000fe9d1b90,0x0000000100000000)
  to   space 54272K, 0% used [0x00000000f9600000,0x00000000f9600000,0x00000000fcb00000)
 ParOldGen       total 128512K, used 108957K [0x00000000a0000000, 0x00000000a7d80000, 0x00000000e0000000)
  object space 128512K, 84% used [0x00000000a0000000,0x00000000a6a674c0,0x00000000a7d80000)
 Metaspace       used 93435K, capacity 98524K, committed 98584K, reserved 1134592K
  class space    used 12295K, capacity 13342K, committed 13360K, reserved 1048576K
}
Event: 1627.997 GC heap before
{Heap before GC invocations=18 (full 4):
 PSYoungGen      total 463872K, used 25414K [0x00000000e0000000, 0x0000000100000000, 0x0000000100000000)
  eden space 415744K, 0% used [0x00000000e0000000,0x00000000e0000000,0x00000000f9600000)
  from space 48128K, 52% used [0x00000000fd100000,0x00000000fe9d1b90,0x0000000100000000)
  to   space 54272K, 0% used [0x00000000f9600000,0x00000000f9600000,0x00000000fcb00000)
 ParOldGen       total 128512K, used 108957K [0x00000000a0000000, 0x00000000a7d80000, 0x00000000e0000000)
  object space 128512K, 84% used [0x00000000a0000000,0x00000000a6a674c0,0x00000000a7d80000)
 Metaspace       used 93435K, capacity 98524K, committed 98584K, reserved 1134592K
  class space    used 12295K, capacity 13342K, committed 13360K, reserved 1048576K
Event: 1628.719 GC heap after
Heap after GC invocations=18 (full 4):
 PSYoungGen      total 463872K, used 0K [0x00000000e0000000, 0x0000000100000000, 0x0000000100000000)
  eden space 415744K, 0% used [0x00000000e0000000,0x00000000e0000000,0x00000000f9600000)
  from space 48128K, 0% used [0x00000000fd100000,0x00000000fd100000,0x0000000100000000)
  to   space 54272K, 0% used [0x00000000f9600000,0x00000000f9600000,0x00000000fcb00000)
 ParOldGen       total 204800K, used 74299K [0x00000000a0000000, 0x00000000ac800000, 0x00000000e0000000)
  object space 204800K, 36% used [0x00000000a0000000,0x00000000a488ecf8,0x00000000ac800000)
 Metaspace       used 92072K, capacity 95568K, committed 98584K, reserved 1134592K
  class space    used 11957K, capacity 12734K, committed 13360K, reserved 1048576K
}

